************* Module project1.authentication
project1/authentication.py:7: [C0303(trailing-whitespace), ] Trailing whitespace


Report
======
9 statements analysed.

Statistics by type
------------------

+---------+-------+-----------+-----------+------------+---------+
|type     |number |old number |difference |%documented |%badname |
+=========+=======+===========+===========+============+=========+
|module   |2      |2          |=          |100.00      |0.00     |
+---------+-------+-----------+-----------+------------+---------+
|class    |0      |0          |=          |0           |0        |
+---------+-------+-----------+-----------+------------+---------+
|method   |0      |0          |=          |0           |0        |
+---------+-------+-----------+-----------+------------+---------+
|function |1      |1          |=          |100.00      |0.00     |
+---------+-------+-----------+-----------+------------+---------+



Raw metrics
-----------

+----------+-------+------+---------+-----------+
|type      |number |%     |previous |difference |
+==========+=======+======+=========+===========+
|code      |10     |52.63 |10       |=          |
+----------+-------+------+---------+-----------+
|docstring |5      |26.32 |5        |=          |
+----------+-------+------+---------+-----------+
|comment   |2      |10.53 |2        |=          |
+----------+-------+------+---------+-----------+
|empty     |2      |10.53 |2        |=          |
+----------+-------+------+---------+-----------+



Duplication
-----------

+-------------------------+------+---------+-----------+
|                         |now   |previous |difference |
+=========================+======+=========+===========+
|nb duplicated lines      |0     |0        |=          |
+-------------------------+------+---------+-----------+
|percent duplicated lines |0.000 |0.000    |=          |
+-------------------------+------+---------+-----------+



Messages by category
--------------------

+-----------+-------+---------+-----------+
|type       |number |previous |difference |
+===========+=======+=========+===========+
|convention |1      |1        |=          |
+-----------+-------+---------+-----------+
|refactor   |0      |0        |=          |
+-----------+-------+---------+-----------+
|warning    |0      |0        |=          |
+-----------+-------+---------+-----------+
|error      |0      |0        |=          |
+-----------+-------+---------+-----------+



% errors / warnings by module
-----------------------------

+------------------------+------+--------+---------+-----------+
|module                  |error |warning |refactor |convention |
+========================+======+========+=========+===========+
|project1.authentication |0.00  |0.00    |0.00     |100.00     |
+------------------------+------+--------+---------+-----------+



Messages
--------

+--------------------+------------+
|message id          |occurrences |
+====================+============+
|trailing-whitespace |1           |
+--------------------+------------+



Global evaluation
-----------------
Your code has been rated at 8.89/10 (previous run: 8.89/10, +0.00)

